<?xml version="1.0" encoding="UTF-8"?>
<!-- Generated by org.testng.reporters.JUnitReportReporter -->
<testsuite hostname="MA362" failures="0" tests="1" name="com.inetBanking.testCases.TC_LoginTest_001" time="3.104" errors="0" timestamp="2024-03-28T18:08:48 GMT+05:30" skipped="0">
  <testcase classname="com.inetBanking.testCases.TC_LoginTest_001" name="loginTest" time="3.104"/>
</testsuite> <!-- com.inetBanking.testCases.TC_LoginTest_001 -->
