<?xml version="1.0" encoding="UTF-8"?>
<!-- Generated by org.testng.reporters.JUnitReportReporter -->
<testsuite hostname="MA362" failures="0" tests="2" name="com.inetBanking.testCases.TC_HomeTest_002" time="0.558" errors="0" timestamp="2024-03-29T09:18:54 GMT+05:30" skipped="0">
  <testcase classname="com.inetBanking.testCases.TC_HomeTest_002" name="verifyLogo" time="0.362"/>
  <testcase classname="com.inetBanking.testCases.TC_HomeTest_002" name="Links" time="0.196"/>
</testsuite> <!-- com.inetBanking.testCases.TC_HomeTest_002 -->
